
******************************************************************************
This program contains Ipopt, a library for large-scale nonlinear optimization.
 Ipopt is released as open source code under the Eclipse Public License (EPL).
         For more information visit http://projects.coin-or.org/Ipopt
******************************************************************************

This is Ipopt version 3.12.3, running with linear solver mumps.
NOTE: Other linear solvers might be more efficient (see Ipopt documentation).

Number of nonzeros in equality constraint Jacobian...:        2
Number of nonzeros in inequality constraint Jacobian.:        2
Number of nonzeros in Lagrangian Hessian.............:        3

Total number of variables............................:        2
                     variables with only lower bounds:        0
                variables with lower and upper bounds:        0
                     variables with only upper bounds:        0
Total number of equality constraints.................:        1
Total number of inequality constraints...............:        1
        inequality constraints with only lower bounds:        1
   inequality constraints with lower and upper bounds:        0
        inequality constraints with only upper bounds:        0

iter    objective    inf_pr   inf_du lg(mu)  ||d||  lg(rg) alpha_du alpha_pr  ls
   0  0.0000000e+00 1.00e+00 1.00e+00  -1.0 0.00e+00    -  0.00e+00 0.00e+00   0
   1  1.5180703e+00 2.32e-01 3.95e+08  -1.0 1.11e+00    -  9.90e-01 1.00e+00h  1
   2  9.1720733e-01 1.38e-02 8.65e+08  -1.0 1.05e-01  10.0 1.00e+00 1.00e+00f  1
   3  8.9187743e-01 4.67e-05 9.29e+06  -1.0 7.19e-03    -  1.00e+00 1.00e+00h  1
   4  8.9179090e-01 5.46e-10 2.17e+02  -1.0 2.42e-05    -  1.00e+00 1.00e+00h  1
   5  8.5961118e-01 2.43e-04 3.39e+00  -1.0 1.56e-02    -  1.00e+00 1.00e+00f  1
   6  5.0768568e-01 3.58e-02 2.18e+00  -1.0 1.89e-01    -  3.86e-01 1.00e+00f  1
   7  4.4751644e-01 4.12e-04 6.30e+07  -1.0 1.96e-02   9.5 1.00e+00 1.00e+00h  1
   8  4.4707538e-01 4.25e-08 2.27e+04  -1.0 2.53e-04    -  1.00e+00 1.00e+00h  1
   9  4.4688522e-01 9.34e-09 2.20e+00  -1.0 9.32e-05    -  1.00e+00 1.00e+00h  1
iter    objective    inf_pr   inf_du lg(mu)  ||d||  lg(rg) alpha_du alpha_pr  ls
  10  2.9995484e-02 3.46e-01 1.19e+00  -1.0 5.68e-01    -  5.45e-01 1.00e+00f  1
  11  3.9964883e-04 3.56e-02 5.81e-02  -1.0 2.09e-01    -  1.00e+00 1.00e+00h  1
  12  3.7581923e-06 5.63e-04 5.70e-03  -2.5 2.69e-02    -  1.00e+00 1.00e+00h  1
  13  7.6573980e-10 1.48e-06 3.13e-05  -3.8 1.11e-03    -  1.00e+00 1.00e+00h  1
  14  4.8778322e-14 2.53e-10 7.52e-09  -5.7 1.29e-05    -  1.00e+00 1.00e+00h  1
  15  8.8029044e-20 1.60e-14 6.47e-13  -8.6 9.88e-08    -  1.00e+00 1.00e+00h  1

Number of Iterations....: 15

                                   (scaled)                 (unscaled)
Objective...............:   8.8029044107981477e-20    8.8029044107981477e-20
Dual infeasibility......:   6.4749359007033628e-13    6.4749359007033628e-13
Constraint violation....:   1.5987211554602254e-14    1.5987211554602254e-14
Complementarity.........:   2.5060006300474834e-09    2.5060006300474834e-09
Overall NLP error.......:   2.5060006300474834e-09    2.5060006300474834e-09


Number of objective function evaluations             = 16
Number of objective gradient evaluations             = 16
Number of equality constraint evaluations            = 16
Number of inequality constraint evaluations          = 16
Number of equality constraint Jacobian evaluations   = 16
Number of inequality constraint Jacobian evaluations = 16
Number of Lagrangian Hessian evaluations             = 15
Total CPU secs in IPOPT (w/o function evaluations)   =      0.007
Total CPU secs in NLP function evaluations           =      0.001

EXIT: Optimal Solution Found.
               t_proc [s]   t_wall [s]    n_eval
       nlp_f      4.9e-05     4.79e-05        16
       nlp_g      9.6e-05        9e-05        16
  nlp_grad_f      7.1e-05     6.89e-05        17
  nlp_hess_l     0.000148     0.000144        15
   nlp_jac_g     0.000114     0.000112        17
      solver       0.0103       0.0103         1
