
******************************************************************************
This program contains Ipopt, a library for large-scale nonlinear optimization.
 Ipopt is released as open source code under the Eclipse Public License (EPL).
         For more information visit http://projects.coin-or.org/Ipopt
******************************************************************************

This is Ipopt version 3.12.3, running with linear solver mumps.
NOTE: Other linear solvers might be more efficient (see Ipopt documentation).

Number of nonzeros in equality constraint Jacobian...:        0
Number of nonzeros in inequality constraint Jacobian.:        0
Number of nonzeros in Lagrangian Hessian.............:        3

Total number of variables............................:        2
                     variables with only lower bounds:        0
                variables with lower and upper bounds:        0
                     variables with only upper bounds:        0
Total number of equality constraints.................:        0
Total number of inequality constraints...............:        0
        inequality constraints with only lower bounds:        0
   inequality constraints with lower and upper bounds:        0
        inequality constraints with only upper bounds:        0

iter    objective    inf_pr   inf_du lg(mu)  ||d||  lg(rg) alpha_du alpha_pr  ls
   0  0.0000000e+00 0.00e+00 0.00e+00  -1.0 0.00e+00    -  0.00e+00 0.00e+00   0

Number of Iterations....: 0

                                   (scaled)                 (unscaled)
Objective...............:   0.0000000000000000e+00    0.0000000000000000e+00
Dual infeasibility......:   0.0000000000000000e+00    0.0000000000000000e+00
Constraint violation....:   0.0000000000000000e+00    0.0000000000000000e+00
Complementarity.........:   0.0000000000000000e+00    0.0000000000000000e+00
Overall NLP error.......:   0.0000000000000000e+00    0.0000000000000000e+00


Number of objective function evaluations             = 1
Number of objective gradient evaluations             = 1
Number of equality constraint evaluations            = 0
Number of inequality constraint evaluations          = 0
Number of equality constraint Jacobian evaluations   = 0
Number of inequality constraint Jacobian evaluations = 0
Number of Lagrangian Hessian evaluations             = 0
Total CPU secs in IPOPT (w/o function evaluations)   =      0.000
Total CPU secs in NLP function evaluations           =      0.000

EXIT: Optimal Solution Found.
               t_proc [s]   t_wall [s]    n_eval
       nlp_f        3e-06     2.73e-06         1
  nlp_grad_f      1.3e-05     1.26e-05         2
      solver      0.00107      0.00108         1
sol =

Opti {
  instance #0
  #variables: 2 (nx = 2)
  #parameters: 0 (np = 0)
  #constraints: 0 (ng = 0)
  CasADi solver allocated.
  CasADi solver was called: Solve_Succeeded
}

con =

(1<=sin((opti0_x_1+opti0_x_2)))

This is Ipopt version 3.12.3, running with linear solver mumps.
NOTE: Other linear solvers might be more efficient (see Ipopt documentation).

Number of nonzeros in equality constraint Jacobian...:        0
Number of nonzeros in inequality constraint Jacobian.:        2
Number of nonzeros in Lagrangian Hessian.............:        3

Total number of variables............................:        2
                     variables with only lower bounds:        0
                variables with lower and upper bounds:        0
                     variables with only upper bounds:        0
Total number of equality constraints.................:        0
Total number of inequality constraints...............:        1
        inequality constraints with only lower bounds:        1
   inequality constraints with lower and upper bounds:        0
        inequality constraints with only upper bounds:        0

iter    objective    inf_pr   inf_du lg(mu)  ||d||  lg(rg) alpha_du alpha_pr  ls
   0  0.0000000e+00 1.00e+00 6.67e-01  -1.0 0.00e+00    -  0.00e+00 0.00e+00   0
   1  1.5180703e+00 1.04e-01 5.47e+00  -1.0 1.11e+00    -  9.90e-01 1.00e+00h  1
   2  1.6169840e-02 1.17e+00 1.08e+00  -1.0 1.96e+00    -  1.00e+00 1.00e+00f  1
   3  2.1274234e-01 4.46e-01 1.59e+00  -1.0 2.01e+00    -  6.21e-01 1.00e+00h  1
   4  3.9712297e+01 1.21e-01 8.47e+01  -1.0 4.51e+00    -  1.00e+00 1.00e+00H  1
   5  2.5401335e+01 9.26e-01 6.72e+01  -1.0 4.94e+00    -  1.00e+00 2.09e-01f  1
   6  1.8902338e+00 7.19e-02 1.52e+01  -1.0 6.86e-01    -  1.00e+00 1.00e+00f  1
   7  2.9460044e-02 3.12e-03 1.80e+00  -1.0 2.50e-01    -  1.00e+00 1.00e+00f  1
   8  4.2315276e-05 3.03e-03 3.22e-01  -1.0 1.01e-01    -  1.00e+00 1.00e+00h  1
   9  3.0350676e-08 5.30e-05 4.79e-02  -1.7 7.37e-02    -  1.00e+00 1.00e+00h  1
iter    objective    inf_pr   inf_du lg(mu)  ||d||  lg(rg) alpha_du alpha_pr  ls
  10  2.0689037e-11 1.13e-06 7.79e-03  -2.5 9.70e-03    -  1.00e+00 1.00e+00h  1
  11  1.8491694e-14 1.69e-07 4.30e-03  -3.8 1.74e-03    -  1.00e+00 1.00e+00h  1
  12  1.0339169e-12 1.32e-05 3.55e-01  -3.8 4.73e-03    -  1.00e+00 1.00e+00h  1
  13  1.0340729e-13 1.82e-06 8.29e-02  -3.8 2.66e-03    -  1.00e+00 1.00e+00h  1
  14  2.9281152e-14 8.79e-08 2.36e-02  -3.8 1.94e-03    -  1.00e+00 1.00e+00h  1
  15  5.1810138e-16 7.66e-08 4.31e-02  -3.8 7.08e-04    -  1.00e+00 1.00e+00h  1
  16  6.7087363e-15 7.26e-07 4.92e-01  -3.8 1.34e-03    -  1.00e+00 1.00e+00h  1
  17  9.2895865e-16 1.40e-08 7.28e-02  -3.8 8.19e-04    -  1.00e+00 1.00e+00h  1
  18  2.2792389e-17 5.14e-09 1.04e-01  -3.8 3.24e-04    -  1.00e+00 1.00e+00h  1
  19  9.3699286e-17 6.46e-08 7.40e-01  -3.8 4.62e-04    -  1.00e+00 1.00e+00h  1
iter    objective    inf_pr   inf_du lg(mu)  ||d||  lg(rg) alpha_du alpha_pr  ls
  20  1.9105816e-17 0.00e+00 1.82e-02  -3.8 3.10e-04    -  1.00e+00 1.00e+00h  1
  21  5.3326997e-24 0.00e+00 1.81e-03  -5.7 7.12e-06    -  1.00e+00 1.00e+00h  1
  22  0.0000000e+00 0.00e+00 1.83e-04  -5.7 1.03e-07    -  1.00e+00 1.00e+00h  1
  23  7.5809533e-28 0.00e+00 5.14e-06  -5.7 7.73e-07    -  1.00e+00 1.00e+00h  1
  24  7.8886091e-31 0.00e+00 7.19e-09  -8.6 3.22e-11    -  1.00e+00 1.00e+00h  1

Number of Iterations....: 24

                                   (scaled)                 (unscaled)
Objective...............:   7.8886090522101181e-31    7.8886090522101181e-31
Dual infeasibility......:   7.1942806151252000e-09    7.1942806151252000e-09
Constraint violation....:   0.0000000000000000e+00    0.0000000000000000e+00
Complementarity.........:   2.5867949442043949e-09    2.5867949442043949e-09
Overall NLP error.......:   7.1942806151252000e-09    7.1942806151252000e-09


Number of objective function evaluations             = 26
Number of objective gradient evaluations             = 25
Number of equality constraint evaluations            = 0
Number of inequality constraint evaluations          = 26
Number of equality constraint Jacobian evaluations   = 0
Number of inequality constraint Jacobian evaluations = 25
Number of Lagrangian Hessian evaluations             = 24
Total CPU secs in IPOPT (w/o function evaluations)   =      0.004
Total CPU secs in NLP function evaluations           =      0.000

EXIT: Optimal Solution Found.
               t_proc [s]   t_wall [s]    n_eval
       nlp_f      3.5e-05     3.45e-05        26
       nlp_g      8.8e-05     8.25e-05        26
  nlp_grad_f      5.6e-05     5.06e-05        26
  nlp_hess_l     0.000122     0.000122        24
   nlp_jac_g      6.3e-05     6.57e-05        26
      solver      0.00919       0.0092         1
sol =

Opti {
  instance #0
  #variables: 2 (nx = 2)
  #parameters: 0 (np = 0)
  #constraints: 1 (ng = 1)
  CasADi solver allocated.
  CasADi solver was called: Solve_Succeeded
}

ans =  0.25868
