/* This file was automatically generated by CasADi.
   The CasADi copyright holders make no ownership claim of its contents. */
#ifdef __cplusplus
extern "C" {
#endif

/* How to prefix internal symbols */
#ifdef CODEGEN_PREFIX
  #define NAMESPACE_CONCAT(NS, ID) _NAMESPACE_CONCAT(NS, ID)
  #define _NAMESPACE_CONCAT(NS, ID) NS ## ID
  #define CASADI_PREFIX(ID) NAMESPACE_CONCAT(CODEGEN_PREFIX, ID)
#else
  #define CASADI_PREFIX(ID) gen_ ## ID
#endif

#include <math.h>

#ifndef casadi_real
#define casadi_real double
#endif

#ifndef casadi_int
#define casadi_int long long int
#endif

/* Add prefix to internal symbols */
#define casadi_copy CASADI_PREFIX(copy)
#define casadi_f0 CASADI_PREFIX(f0)
#define casadi_s0 CASADI_PREFIX(s0)
#define casadi_s1 CASADI_PREFIX(s1)

/* Symbol visibility in DLLs */
#ifndef CASADI_SYMBOL_EXPORT
  #if defined(_WIN32) || defined(__WIN32__) || defined(__CYGWIN__)
    #if defined(STATIC_LINKED)
      #define CASADI_SYMBOL_EXPORT
    #else
      #define CASADI_SYMBOL_EXPORT __declspec(dllexport)
    #endif
  #elif defined(__GNUC__) && defined(GCC_HASCLASSVISIBILITY)
    #define CASADI_SYMBOL_EXPORT __attribute__ ((visibility ("default")))
  #else
    #define CASADI_SYMBOL_EXPORT
  #endif
#endif

static const casadi_int casadi_s0[6] = {2, 1, 0, 2, 0, 1};
static const casadi_int casadi_s1[5] = {1, 1, 0, 1, 0};

void casadi_copy(const casadi_real* x, casadi_int n, casadi_real* y) {
  casadi_int i;
  if (y) {
    if (x) {
      for (i=0; i<n; ++i) *y++ = *x++;
    } else {
      for (i=0; i<n; ++i) *y++ = 0.;
    }
  }
}

/* f:(x[2],y)->(r[2],q[2]) */
static int casadi_f0(const casadi_real** arg, casadi_real** res, casadi_int* iw, casadi_real* w, void* mem) {
  casadi_int i;
  casadi_real *rr;
  const casadi_real *cs;
  casadi_real *w0=w+0, w1;
  /* #0: @0 = input[0][0] */
  casadi_copy(arg[0], 2, w0);
  /* #1: output[0][0] = @0 */
  casadi_copy(w0, 2, res[0]);
  /* #2: @1 = input[1][0] */
  w1 = arg[1] ? arg[1][0] : 0;
  /* #3: @1 = sin(@1) */
  w1 = sin( w1 );
  /* #4: @0 = (@1*@0) */
  for (i=0, rr=w0, cs=w0; i<2; ++i) (*rr++)  = (w1*(*cs++));
  /* #5: output[1][0] = @0 */
  casadi_copy(w0, 2, res[1]);
  return 0;
}

CASADI_SYMBOL_EXPORT int f(const casadi_real** arg, casadi_real** res, casadi_int* iw, casadi_real* w, void* mem){
  return casadi_f0(arg, res, iw, w, mem);
}

CASADI_SYMBOL_EXPORT void f_incref(void) {
}

CASADI_SYMBOL_EXPORT void f_decref(void) {
}

CASADI_SYMBOL_EXPORT casadi_int f_n_in(void) { return 2;}

CASADI_SYMBOL_EXPORT casadi_int f_n_out(void) { return 2;}

CASADI_SYMBOL_EXPORT const char* f_name_in(casadi_int i){
  switch (i) {
    case 0: return "x";
    case 1: return "y";
    default: return 0;
  }
}

CASADI_SYMBOL_EXPORT const char* f_name_out(casadi_int i){
  switch (i) {
    case 0: return "r";
    case 1: return "q";
    default: return 0;
  }
}

CASADI_SYMBOL_EXPORT const casadi_int* f_sparsity_in(casadi_int i) {
  switch (i) {
    case 0: return casadi_s0;
    case 1: return casadi_s1;
    default: return 0;
  }
}

CASADI_SYMBOL_EXPORT const casadi_int* f_sparsity_out(casadi_int i) {
  switch (i) {
    case 0: return casadi_s0;
    case 1: return casadi_s0;
    default: return 0;
  }
}

CASADI_SYMBOL_EXPORT int f_work(casadi_int *sz_arg, casadi_int* sz_res, casadi_int *sz_iw, casadi_int *sz_w) {
  if (sz_arg) *sz_arg = 4;
  if (sz_res) *sz_res = 3;
  if (sz_iw) *sz_iw = 0;
  if (sz_w) *sz_w = 3;
  return 0;
}


#ifdef __cplusplus
} /* extern "C" */
#endif

