
******************************************************************************
This program contains Ipopt, a library for large-scale nonlinear optimization.
 Ipopt is released as open source code under the Eclipse Public License (EPL).
         For more information visit http://projects.coin-or.org/Ipopt
******************************************************************************

This is Ipopt version 3.12.3, running with linear solver mumps.
NOTE: Other linear solvers might be more efficient (see Ipopt documentation).

Number of nonzeros in equality constraint Jacobian...:        3
Number of nonzeros in inequality constraint Jacobian.:        0
Number of nonzeros in Lagrangian Hessian.............:        2

Total number of variables............................:        3
                     variables with only lower bounds:        0
                variables with lower and upper bounds:        0
                     variables with only upper bounds:        0
Total number of equality constraints.................:        1
Total number of inequality constraints...............:        0
        inequality constraints with only lower bounds:        0
   inequality constraints with lower and upper bounds:        0
        inequality constraints with only upper bounds:        0

iter    objective    inf_pr   inf_du lg(mu)  ||d||  lg(rg) alpha_du alpha_pr  ls
   0  6.2500000e+01 0.00e+00 9.00e+01  -1.0 0.00e+00    -  0.00e+00 0.00e+00   0
   1  1.8457621e+01 1.48e-02 4.10e+01  -1.0 4.10e-01   2.0 1.00e+00 1.00e+00f  1
   2  7.8031530e+00 3.84e-03 8.76e+00  -1.0 2.63e-01   1.5 1.00e+00 1.00e+00f  1
   3  7.1678278e+00 9.42e-05 1.04e+00  -1.0 9.32e-02   1.0 1.00e+00 1.00e+00f  1
   4  6.7419924e+00 6.18e-03 9.95e-01  -1.0 2.69e-01   0.6 1.00e+00 1.00e+00f  1
   5  5.4363330e+00 7.03e-02 1.04e+00  -1.7 8.40e-01   0.1 1.00e+00 1.00e+00f  1
   6  1.2144815e+00 1.52e+00 1.32e+00  -1.7 3.21e+00  -0.4 1.00e+00 1.00e+00f  1
   7  1.0214718e+00 2.51e-01 1.17e+01  -1.7 1.33e+00   0.9 1.00e+00 1.00e+00h  1
   8  3.1864085e-01 1.04e-03 7.53e-01  -1.7 3.58e-01    -  1.00e+00 1.00e+00f  1
   9  0.0000000e+00 3.19e-01 0.00e+00  -1.7 5.64e-01    -  1.00e+00 1.00e+00f  1
iter    objective    inf_pr   inf_du lg(mu)  ||d||  lg(rg) alpha_du alpha_pr  ls
  10  0.0000000e+00 0.00e+00 0.00e+00  -1.7 3.19e-01    -  1.00e+00 1.00e+00h  1

Number of Iterations....: 10

                                   (scaled)                 (unscaled)
Objective...............:   0.0000000000000000e+00    0.0000000000000000e+00
Dual infeasibility......:   0.0000000000000000e+00    0.0000000000000000e+00
Constraint violation....:   0.0000000000000000e+00    0.0000000000000000e+00
Complementarity.........:   0.0000000000000000e+00    0.0000000000000000e+00
Overall NLP error.......:   0.0000000000000000e+00    0.0000000000000000e+00


Number of objective function evaluations             = 11
Number of objective gradient evaluations             = 11
Number of equality constraint evaluations            = 11
Number of inequality constraint evaluations          = 0
Number of equality constraint Jacobian evaluations   = 11
Number of inequality constraint Jacobian evaluations = 0
Number of Lagrangian Hessian evaluations             = 10
Total CPU secs in IPOPT (w/o function evaluations)   =      0.001
Total CPU secs in NLP function evaluations           =      0.000

EXIT: Optimal Solution Found.
               t_proc [s]   t_wall [s]    n_eval
           S      0.00605      0.00605         1
       nlp_f      1.1e-05     1.06e-05        11
       nlp_g      2.8e-05     2.29e-05        11
  nlp_grad_f      1.8e-05     1.92e-05        12
  nlp_hess_l      1.1e-05     1.17e-05        10
   nlp_jac_g      1.4e-05     1.23e-05        12
x_opt =

[0, 1, 0]

